Watching for file changes with StatReloader
Performing system checks...

System check identified some issues:

WARNINGS:
todos.Todo: (models.W042) Auto-created primary key used when not defining a primary key type, by default 'django.db.models.AutoField'.
	HINT: Configure the DEFAULT_AUTO_FIELD setting or the TodosConfig.default_auto_field attribute to point to a subclass of AutoField, e.g. 'django.db.models.BigAutoField'.

System check identified 1 issue (0 silenced).
May 10, 2023 - 22:45:36
Django version 4.2.1, using settings 'todoApp.settings'
Starting development server at http://0.0.0.0:8001/
Quit the server with CONTROL-C.

[10/May/2023 22:46:03] "GET /todos/ HTTP/1.1" 200 3515
[10/May/2023 22:46:03] "GET /static/css/style.css HTTP/1.1" 304 0
[10/May/2023 22:46:07] "GET /todos/ HTTP/1.1" 200 3515
[11/May/2023 00:03:31] "GET /todos/ HTTP/1.1" 200 3515
[11/May/2023 00:03:32] "GET /static/css/style.css HTTP/1.1" 304 0
Watching for file changes with StatReloader
Performing system checks...

System check identified some issues:

WARNINGS:
todos.Todo: (models.W042) Auto-created primary key used when not defining a primary key type, by default 'django.db.models.AutoField'.
	HINT: Configure the DEFAULT_AUTO_FIELD setting or the TodosConfig.default_auto_field attribute to point to a subclass of AutoField, e.g. 'django.db.models.BigAutoField'.

System check identified 1 issue (0 silenced).
May 11, 2023 - 21:18:24
Django version 4.2.1, using settings 'todoApp.settings'
Starting development server at http://0.0.0.0:8001/
Quit the server with CONTROL-C.

[11/May/2023 21:18:32] "GET /todos/ HTTP/1.1" 200 3515
[11/May/2023 21:18:34] "GET /todos/ HTTP/1.1" 200 3515
[11/May/2023 21:18:39] "POST /todos/add/ HTTP/1.1" 302 0
[11/May/2023 21:18:39] "GET /todos/ HTTP/1.1" 200 4102
[11/May/2023 21:18:42] "GET /todos/22/delete HTTP/1.1" 302 0
[11/May/2023 21:18:42] "GET /todos/ HTTP/1.1" 200 3515
[11/May/2023 21:18:44] "GET /todos/3/delete HTTP/1.1" 302 0
[11/May/2023 21:18:44] "GET /todos/ HTTP/1.1" 200 2920
[11/May/2023 21:18:45] "GET /todos/2/delete HTTP/1.1" 302 0
[11/May/2023 21:18:46] "GET /todos/ HTTP/1.1" 200 2328
/home/ubuntu/projects/django-todo/todoApp/settings.py changed, reloading.
Watching for file changes with StatReloader
Performing system checks...

System check identified some issues:

WARNINGS:
todos.Todo: (models.W042) Auto-created primary key used when not defining a primary key type, by default 'django.db.models.AutoField'.
	HINT: Configure the DEFAULT_AUTO_FIELD setting or the TodosConfig.default_auto_field attribute to point to a subclass of AutoField, e.g. 'django.db.models.BigAutoField'.

System check identified 1 issue (0 silenced).
May 11, 2023 - 21:20:03
Django version 4.2.1, using settings 'todoApp.settings'
Starting development server at http://0.0.0.0:8001/
Quit the server with CONTROL-C.

